# JRE version: Java(TM) SE Runtime Environment (8.0_121-b13) (build 1.8.0_121-b13)
# Java VM: Java HotSpot(TM) Client VM (25.121-b13 mixed mode windows-x86 )
Heap:
 def new generation   total 39424K, used 8941K [0x05000000, 0x07ac0000, 0x0faa0000)
  eden space 35072K,  22% used [0x05000000, 0x057899c0, 0x07240000)
  from space 4352K,  28% used [0x07680000, 0x077b1b90, 0x07ac0000)
  to   space 4352K,   0% used [0x07240000, 0x07240000, 0x07680000)
 tenured generation   total 87424K, used 26781K [0x0faa0000, 0x15000000, 0x25000000)
   the space 87424K,  30% used [0x0faa0000, 0x114c74b8, 0x114c7600, 0x15000000)
 Metaspace       used 18658K, capacity 19123K, committed 19200K, reserved 19840K
GC Heap History (10 events):
Event: 3.685 GC heap before
{Heap before GC invocations=3 (full 1):
 def new generation   total 39424K, used 35072K [0x05000000, 0x07ac0000, 0x0faa0000)
  eden space 35072K, 100% used [0x05000000, 0x07240000, 0x07240000)
  from space 4352K,   0% used [0x07240000, 0x07240000, 0x07680000)
  to   space 4352K,   0% used [0x07680000, 0x07680000, 0x07ac0000)
 tenured generation   total 87424K, used 17034K [0x0faa0000, 0x15000000, 0x25000000)
   the space 87424K,  19% used [0x0faa0000, 0x10b428d8, 0x10b42a00, 0x15000000)
 Metaspace       used 16935K, capacity 17319K, committed 17408K, reserved 17792K
Event: 3.694 GC heap after
Heap after GC invocations=4 (full 1):
 def new generation   total 39424K, used 4352K [0x05000000, 0x07ac0000, 0x0faa0000)
  eden space 35072K,   0% used [0x05000000, 0x05000000, 0x07240000)
  from space 4352K, 100% used [0x07680000, 0x07ac0000, 0x07ac0000)
  to   space 4352K,   0% used [0x07240000, 0x07240000, 0x07680000)
 tenured generation   total 87424K, used 18856K [0x0faa0000, 0x15000000, 0x25000000)
   the space 87424K,  21% used [0x0faa0000, 0x10d0a308, 0x10d0a400, 0x15000000)
 Metaspace       used 16935K, capacity 17319K, committed 17408K, reserved 17792K
}
Event: 46.198 GC heap before
{Heap before GC invocations=4 (full 1):
 def new generation   total 39424K, used 39424K [0x05000000, 0x07ac0000, 0x0faa0000)
  eden space 35072K, 100% used [0x05000000, 0x07240000, 0x07240000)
  from space 4352K, 100% used [0x07680000, 0x07ac0000, 0x07ac0000)
  to   space 4352K,   0% used [0x07240000, 0x07240000, 0x07680000)
 tenured generation   total 87424K, used 18856K [0x0faa0000, 0x15000000, 0x25000000)
   the space 87424K,  21% used [0x0faa0000, 0x10d0a308, 0x10d0a400, 0x15000000)
 Metaspace       used 18078K, capacity 18522K, committed 18560K, reserved 18816K
Event: 46.209 GC heap after
Heap after GC invocations=5 (full 1):
 def new generation   total 39424K, used 4352K [0x05000000, 0x07ac0000, 0x0faa0000)
  eden space 35072K,   0% used [0x05000000, 0x05000000, 0x07240000)
  from space 4352K, 100% used [0x07240000, 0x07680000, 0x07680000)
  to   space 4352K,   0% used [0x07680000, 0x07680000, 0x07ac0000)
 tenured generation   total 87424K, used 22794K [0x0faa0000, 0x15000000, 0x25000000)
   the space 87424K,  26% used [0x0faa0000, 0x110e2b58, 0x110e2c00, 0x15000000)
 Metaspace       used 18078K, capacity 18522K, committed 18560K, reserved 18816K
}
Event: 702.895 GC heap before
{Heap before GC invocations=5 (full 1):
 def new generation   total 39424K, used 39424K [0x05000000, 0x07ac0000, 0x0faa0000)
  eden space 35072K, 100% used [0x05000000, 0x07240000, 0x07240000)
  from space 4352K, 100% used [0x07240000, 0x07680000, 0x07680000)
  to   space 4352K,   0% used [0x07680000, 0x07680000, 0x07ac0000)
 tenured generation   total 87424K, used 22794K [0x0faa0000, 0x15000000, 0x25000000)
   the space 87424K,  26% used [0x0faa0000, 0x110e2b58, 0x110e2c00, 0x15000000)
 Metaspace       used 18646K, capacity 19120K, committed 19200K, reserved 19840K
Event: 702.904 GC heap after
Heap after GC invocations=6 (full 1):
 def new generation   total 39424K, used 1517K [0x05000000, 0x07ac0000, 0x0faa0000)
  eden space 35072K,   0% used [0x05000000, 0x05000000, 0x07240000)
  from space 4352K,  34% used [0x07680000, 0x077fb5f0, 0x07ac0000)
  to   space 4352K,   0% used [0x07240000, 0x07240000, 0x07680000)
 tenured generation   total 87424K, used 26781K [0x0faa0000, 0x15000000, 0x25000000)
   the space 87424K,  30% used [0x0faa0000, 0x114c74b8, 0x114c7600, 0x15000000)
 Metaspace       used 18646K, capacity 19120K, committed 19200K, reserved 19840K
}
Event: 3648.186 GC heap before
{Heap before GC invocations=6 (full 1):
 def new generation   total 39424K, used 33793K [0x05000000, 0x07ac0000, 0x0faa0000)
  eden space 35072K,  92% used [0x05000000, 0x06f85010, 0x07240000)
  from space 4352K,  34% used [0x07680000, 0x077fb5f0, 0x07ac0000)
  to   space 4352K,   0% used [0x07240000, 0x07240000, 0x07680000)
 tenured generation   total 87424K, used 26781K [0x0faa0000, 0x15000000, 0x25000000)
   the space 87424K,  30% used [0x0faa0000, 0x114c74b8, 0x114c7600, 0x15000000)
 Metaspace       used 18657K, capacity 19123K, committed 19200K, reserved 19840K
Event: 3648.199 GC heap after
Heap after GC invocations=7 (full 1):
 def new generation   total 39424K, used 1384K [0x05000000, 0x07ac0000, 0x0faa0000)
  eden space 35072K,   0% used [0x05000000, 0x05000000, 0x07240000)
  from space 4352K,  31% used [0x07240000, 0x0739a108, 0x07680000)
  to   space 4352K,   0% used [0x07680000, 0x07680000, 0x07ac0000)
 tenured generation   total 87424K, used 26781K [0x0faa0000, 0x15000000, 0x25000000)
   the space 87424K,  30% used [0x0faa0000, 0x114c74b8, 0x114c7600, 0x15000000)
 Metaspace       used 18657K, capacity 19123K, committed 19200K, reserved 19840K
}
Event: 3714.643 GC heap before
{Heap before GC invocations=7 (full 1):
 def new generation   total 39424K, used 34413K [0x05000000, 0x07ac0000, 0x0faa0000)
  eden space 35072K,  94% used [0x05000000, 0x07041530, 0x07240000)
  from space 4352K,  31% used [0x07240000, 0x0739a108, 0x07680000)
  to   space 4352K,   0% used [0x07680000, 0x07680000, 0x07ac0000)
 tenured generation   total 87424K, used 26781K [0x0faa0000, 0x15000000, 0x25000000)
   the space 87424K,  30% used [0x0faa0000, 0x114c74b8, 0x114c7600, 0x15000000)
 Metaspace       used 18658K, capacity 19123K, committed 19200K, reserved 19840K
Event: 3714.647 GC heap after
Heap after GC invocations=8 (full 1):
 def new generation   total 39424K, used 1222K [0x05000000, 0x07ac0000, 0x0faa0000)
  eden space 35072K,   0% used [0x05000000, 0x05000000, 0x07240000)
  from space 4352K,  28% used [0x07680000, 0x077b1b90, 0x07ac0000)
  to   space 4352K,   0% used [0x07240000, 0x07240000, 0x07680000)
 tenured generation   total 87424K, used 26781K [0x0faa0000, 0x15000000, 0x25000000)
   the space 87424K,  30% used [0x0faa0000, 0x114c74b8, 0x114c7600, 0x15000000)
 Metaspace       used 18658K, capacity 19123K, committed 19200K, reserved 19840K
}

