# JRE version: Java(TM) SE Runtime Environment (8.0_121-b13) (build 1.8.0_121-b13)
# Java VM: Java HotSpot(TM) Client VM (25.121-b13 mixed mode windows-x86 )
Heap:
 def new generation   total 39424K, used 9518K [0x04600000, 0x070c0000, 0x0f0a0000)
  eden space 35072K,  24% used [0x04600000, 0x04e3f9c8, 0x06840000)
  from space 4352K,  24% used [0x06840000, 0x0694be88, 0x06c80000)
  to   space 4352K,   0% used [0x06c80000, 0x06c80000, 0x070c0000)
 tenured generation   total 87424K, used 37561K [0x0f0a0000, 0x14600000, 0x24600000)
   the space 87424K,  42% used [0x0f0a0000, 0x1154e758, 0x1154e800, 0x14600000)
 Metaspace       used 18732K, capacity 19192K, committed 19328K, reserved 19840K
GC Heap History (10 events):
Event: 3198.537 GC heap before
{Heap before GC invocations=8 (full 1):
 def new generation   total 39424K, used 36580K [0x04600000, 0x070c0000, 0x0f0a0000)
  eden space 35072K, 100% used [0x04600000, 0x06840000, 0x06840000)
  from space 4352K,  34% used [0x06c80000, 0x06df9268, 0x070c0000)
  to   space 4352K,   0% used [0x06840000, 0x06840000, 0x06c80000)
 tenured generation   total 87424K, used 27807K [0x0f0a0000, 0x14600000, 0x24600000)
   the space 87424K,  31% used [0x0f0a0000, 0x10bc7ee8, 0x10bc8000, 0x14600000)
 Metaspace       used 18719K, capacity 19189K, committed 19328K, reserved 19840K
Event: 3198.540 GC heap after
Heap after GC invocations=9 (full 1):
 def new generation   total 39424K, used 1127K [0x04600000, 0x070c0000, 0x0f0a0000)
  eden space 35072K,   0% used [0x04600000, 0x04600000, 0x06840000)
  from space 4352K,  25% used [0x06840000, 0x06959d38, 0x06c80000)
  to   space 4352K,   0% used [0x06c80000, 0x06c80000, 0x070c0000)
 tenured generation   total 87424K, used 27807K [0x0f0a0000, 0x14600000, 0x24600000)
   the space 87424K,  31% used [0x0f0a0000, 0x10bc7ee8, 0x10bc8000, 0x14600000)
 Metaspace       used 18719K, capacity 19189K, committed 19328K, reserved 19840K
}
Event: 4437.529 GC heap before
{Heap before GC invocations=9 (full 1):
 def new generation   total 39424K, used 35551K [0x04600000, 0x070c0000, 0x0f0a0000)
  eden space 35072K,  98% used [0x04600000, 0x0679e180, 0x06840000)
  from space 4352K,  25% used [0x06840000, 0x06959d38, 0x06c80000)
  to   space 4352K,   0% used [0x06c80000, 0x06c80000, 0x070c0000)
 tenured generation   total 87424K, used 27807K [0x0f0a0000, 0x14600000, 0x24600000)
   the space 87424K,  31% used [0x0f0a0000, 0x10bc7ee8, 0x10bc8000, 0x14600000)
 Metaspace       used 18726K, capacity 19192K, committed 19328K, reserved 19840K
Event: 4437.536 GC heap after
Heap after GC invocations=10 (full 1):
 def new generation   total 39424K, used 3944K [0x04600000, 0x070c0000, 0x0f0a0000)
  eden space 35072K,   0% used [0x04600000, 0x04600000, 0x06840000)
  from space 4352K,  90% used [0x06c80000, 0x0705a278, 0x070c0000)
  to   space 4352K,   0% used [0x06840000, 0x06840000, 0x06c80000)
 tenured generation   total 87424K, used 27807K [0x0f0a0000, 0x14600000, 0x24600000)
   the space 87424K,  31% used [0x0f0a0000, 0x10bc7ee8, 0x10bc8000, 0x14600000)
 Metaspace       used 18726K, capacity 19192K, committed 19328K, reserved 19840K
}
Event: 4462.067 GC heap before
{Heap before GC invocations=10 (full 1):
 def new generation   total 39424K, used 38682K [0x04600000, 0x070c0000, 0x0f0a0000)
  eden space 35072K,  99% used [0x04600000, 0x067ec780, 0x06840000)
  from space 4352K,  90% used [0x06c80000, 0x0705a278, 0x070c0000)
  to   space 4352K,   0% used [0x06840000, 0x06840000, 0x06c80000)
 tenured generation   total 87424K, used 27807K [0x0f0a0000, 0x14600000, 0x24600000)
   the space 87424K,  31% used [0x0f0a0000, 0x10bc7ee8, 0x10bc8000, 0x14600000)
 Metaspace       used 18726K, capacity 19192K, committed 19328K, reserved 19840K
Event: 4462.074 GC heap after
Heap after GC invocations=11 (full 1):
 def new generation   total 39424K, used 3006K [0x04600000, 0x070c0000, 0x0f0a0000)
  eden space 35072K,   0% used [0x04600000, 0x04600000, 0x06840000)
  from space 4352K,  69% used [0x06840000, 0x06b2fa50, 0x06c80000)
  to   space 4352K,   0% used [0x06c80000, 0x06c80000, 0x070c0000)
 tenured generation   total 87424K, used 31600K [0x0f0a0000, 0x14600000, 0x24600000)
   the space 87424K,  36% used [0x0f0a0000, 0x10f7c258, 0x10f7c400, 0x14600000)
 Metaspace       used 18726K, capacity 19192K, committed 19328K, reserved 19840K
}
Event: 4791.723 GC heap before
{Heap before GC invocations=11 (full 1):
 def new generation   total 39424K, used 38078K [0x04600000, 0x070c0000, 0x0f0a0000)
  eden space 35072K, 100% used [0x04600000, 0x06840000, 0x06840000)
  from space 4352K,  69% used [0x06840000, 0x06b2fa50, 0x06c80000)
  to   space 4352K,   0% used [0x06c80000, 0x06c80000, 0x070c0000)
 tenured generation   total 87424K, used 31600K [0x0f0a0000, 0x14600000, 0x24600000)
   the space 87424K,  36% used [0x0f0a0000, 0x10f7c258, 0x10f7c400, 0x14600000)
 Metaspace       used 18732K, capacity 19192K, committed 19328K, reserved 19840K
Event: 4791.729 GC heap after
Heap after GC invocations=12 (full 1):
 def new generation   total 39424K, used 1598K [0x04600000, 0x070c0000, 0x0f0a0000)
  eden space 35072K,   0% used [0x04600000, 0x04600000, 0x06840000)
  from space 4352K,  36% used [0x06c80000, 0x06e0f908, 0x070c0000)
  to   space 4352K,   0% used [0x06840000, 0x06840000, 0x06c80000)
 tenured generation   total 87424K, used 37561K [0x0f0a0000, 0x14600000, 0x24600000)
   the space 87424K,  42% used [0x0f0a0000, 0x1154e758, 0x1154e800, 0x14600000)
 Metaspace       used 18732K, capacity 19192K, committed 19328K, reserved 19840K
}
Event: 4861.387 GC heap before
{Heap before GC invocations=12 (full 1):
 def new generation   total 39424K, used 36670K [0x04600000, 0x070c0000, 0x0f0a0000)
  eden space 35072K, 100% used [0x04600000, 0x06840000, 0x06840000)
  from space 4352K,  36% used [0x06c80000, 0x06e0f908, 0x070c0000)
  to   space 4352K,   0% used [0x06840000, 0x06840000, 0x06c80000)
 tenured generation   total 87424K, used 37561K [0x0f0a0000, 0x14600000, 0x24600000)
   the space 87424K,  42% used [0x0f0a0000, 0x1154e758, 0x1154e800, 0x14600000)
 Metaspace       used 18732K, capacity 19192K, committed 19328K, reserved 19840K
Event: 4861.389 GC heap after
Heap after GC invocations=13 (full 1):
 def new generation   total 39424K, used 1071K [0x04600000, 0x070c0000, 0x0f0a0000)
  eden space 35072K,   0% used [0x04600000, 0x04600000, 0x06840000)
  from space 4352K,  24% used [0x06840000, 0x0694be88, 0x06c80000)
  to   space 4352K,   0% used [0x06c80000, 0x06c80000, 0x070c0000)
 tenured generation   total 87424K, used 37561K [0x0f0a0000, 0x14600000, 0x24600000)
   the space 87424K,  42% used [0x0f0a0000, 0x1154e758, 0x1154e800, 0x14600000)
 Metaspace       used 18732K, capacity 19192K, committed 19328K, reserved 19840K
}

