# JRE version: Java(TM) SE Runtime Environment (8.0_121-b13) (build 1.8.0_121-b13)
# Java VM: Java HotSpot(TM) Client VM (25.121-b13 mixed mode windows-x86 )
Heap:
 def new generation   total 39424K, used 5903K [0x05400000, 0x07ec0000, 0x0fea0000)
  eden space 35072K,  16% used [0x05400000, 0x059c3810, 0x07640000)
  from space 4352K,   0% used [0x07a80000, 0x07a804e0, 0x07ec0000)
  to   space 4352K,   0% used [0x07640000, 0x07640000, 0x07a80000)
 tenured generation   total 87424K, used 80825K [0x0fea0000, 0x15400000, 0x25400000)
   the space 87424K,  92% used [0x0fea0000, 0x14d8e7c0, 0x14d8e800, 0x15400000)
 Metaspace       used 19241K, capacity 19719K, committed 19840K, reserved 19840K
GC Heap History (10 events):
Event: 2365.929 GC heap before
{Heap before GC invocations=433 (full 1):
 def new generation   total 39424K, used 35072K [0x05400000, 0x07ec0000, 0x0fea0000)
  eden space 35072K, 100% used [0x05400000, 0x07640000, 0x07640000)
  from space 4352K,   0% used [0x07640000, 0x076403c0, 0x07a80000)
  to   space 4352K,   0% used [0x07a80000, 0x07a80000, 0x07ec0000)
 tenured generation   total 87424K, used 80825K [0x0fea0000, 0x15400000, 0x25400000)
   the space 87424K,  92% used [0x0fea0000, 0x14d8e7c0, 0x14d8e800, 0x15400000)
 Metaspace       used 19241K, capacity 19719K, committed 19840K, reserved 19840K
Event: 2365.930 GC heap after
Heap after GC invocations=434 (full 1):
 def new generation   total 39424K, used 0K [0x05400000, 0x07ec0000, 0x0fea0000)
  eden space 35072K,   0% used [0x05400000, 0x05400000, 0x07640000)
  from space 4352K,   0% used [0x07a80000, 0x07a803d0, 0x07ec0000)
  to   space 4352K,   0% used [0x07640000, 0x07640000, 0x07a80000)
 tenured generation   total 87424K, used 80825K [0x0fea0000, 0x15400000, 0x25400000)
   the space 87424K,  92% used [0x0fea0000, 0x14d8e7c0, 0x14d8e800, 0x15400000)
 Metaspace       used 19241K, capacity 19719K, committed 19840K, reserved 19840K
}
Event: 2369.688 GC heap before
{Heap before GC invocations=434 (full 1):
 def new generation   total 39424K, used 35072K [0x05400000, 0x07ec0000, 0x0fea0000)
  eden space 35072K, 100% used [0x05400000, 0x07640000, 0x07640000)
  from space 4352K,   0% used [0x07a80000, 0x07a803d0, 0x07ec0000)
  to   space 4352K,   0% used [0x07640000, 0x07640000, 0x07a80000)
 tenured generation   total 87424K, used 80825K [0x0fea0000, 0x15400000, 0x25400000)
   the space 87424K,  92% used [0x0fea0000, 0x14d8e7c0, 0x14d8e800, 0x15400000)
 Metaspace       used 19241K, capacity 19719K, committed 19840K, reserved 19840K
Event: 2369.689 GC heap after
Heap after GC invocations=435 (full 1):
 def new generation   total 39424K, used 0K [0x05400000, 0x07ec0000, 0x0fea0000)
  eden space 35072K,   0% used [0x05400000, 0x05400000, 0x07640000)
  from space 4352K,   0% used [0x07640000, 0x076403d0, 0x07a80000)
  to   space 4352K,   0% used [0x07a80000, 0x07a80000, 0x07ec0000)
 tenured generation   total 87424K, used 80825K [0x0fea0000, 0x15400000, 0x25400000)
   the space 87424K,  92% used [0x0fea0000, 0x14d8e7c0, 0x14d8e800, 0x15400000)
 Metaspace       used 19241K, capacity 19719K, committed 19840K, reserved 19840K
}
Event: 2373.400 GC heap before
{Heap before GC invocations=435 (full 1):
 def new generation   total 39424K, used 35072K [0x05400000, 0x07ec0000, 0x0fea0000)
  eden space 35072K, 100% used [0x05400000, 0x07640000, 0x07640000)
  from space 4352K,   0% used [0x07640000, 0x076403d0, 0x07a80000)
  to   space 4352K,   0% used [0x07a80000, 0x07a80000, 0x07ec0000)
 tenured generation   total 87424K, used 80825K [0x0fea0000, 0x15400000, 0x25400000)
   the space 87424K,  92% used [0x0fea0000, 0x14d8e7c0, 0x14d8e800, 0x15400000)
 Metaspace       used 19241K, capacity 19719K, committed 19840K, reserved 19840K
Event: 2373.401 GC heap after
Heap after GC invocations=436 (full 1):
 def new generation   total 39424K, used 0K [0x05400000, 0x07ec0000, 0x0fea0000)
  eden space 35072K,   0% used [0x05400000, 0x05400000, 0x07640000)
  from space 4352K,   0% used [0x07a80000, 0x07a803a0, 0x07ec0000)
  to   space 4352K,   0% used [0x07640000, 0x07640000, 0x07a80000)
 tenured generation   total 87424K, used 80825K [0x0fea0000, 0x15400000, 0x25400000)
   the space 87424K,  92% used [0x0fea0000, 0x14d8e7c0, 0x14d8e800, 0x15400000)
 Metaspace       used 19241K, capacity 19719K, committed 19840K, reserved 19840K
}
Event: 2377.185 GC heap before
{Heap before GC invocations=436 (full 1):
 def new generation   total 39424K, used 35072K [0x05400000, 0x07ec0000, 0x0fea0000)
  eden space 35072K, 100% used [0x05400000, 0x07640000, 0x07640000)
  from space 4352K,   0% used [0x07a80000, 0x07a803a0, 0x07ec0000)
  to   space 4352K,   0% used [0x07640000, 0x07640000, 0x07a80000)
 tenured generation   total 87424K, used 80825K [0x0fea0000, 0x15400000, 0x25400000)
   the space 87424K,  92% used [0x0fea0000, 0x14d8e7c0, 0x14d8e800, 0x15400000)
 Metaspace       used 19241K, capacity 19719K, committed 19840K, reserved 19840K
Event: 2377.186 GC heap after
Heap after GC invocations=437 (full 1):
 def new generation   total 39424K, used 1K [0x05400000, 0x07ec0000, 0x0fea0000)
  eden space 35072K,   0% used [0x05400000, 0x05400000, 0x07640000)
  from space 4352K,   0% used [0x07640000, 0x076406c8, 0x07a80000)
  to   space 4352K,   0% used [0x07a80000, 0x07a80000, 0x07ec0000)
 tenured generation   total 87424K, used 80825K [0x0fea0000, 0x15400000, 0x25400000)
   the space 87424K,  92% used [0x0fea0000, 0x14d8e7c0, 0x14d8e800, 0x15400000)
 Metaspace       used 19241K, capacity 19719K, committed 19840K, reserved 19840K
}
Event: 2380.944 GC heap before
{Heap before GC invocations=437 (full 1):
 def new generation   total 39424K, used 35073K [0x05400000, 0x07ec0000, 0x0fea0000)
  eden space 35072K, 100% used [0x05400000, 0x07640000, 0x07640000)
  from space 4352K,   0% used [0x07640000, 0x076406c8, 0x07a80000)
  to   space 4352K,   0% used [0x07a80000, 0x07a80000, 0x07ec0000)
 tenured generation   total 87424K, used 80825K [0x0fea0000, 0x15400000, 0x25400000)
   the space 87424K,  92% used [0x0fea0000, 0x14d8e7c0, 0x14d8e800, 0x15400000)
 Metaspace       used 19241K, capacity 19719K, committed 19840K, reserved 19840K
Event: 2380.945 GC heap after
Heap after GC invocations=438 (full 1):
 def new generation   total 39424K, used 1K [0x05400000, 0x07ec0000, 0x0fea0000)
  eden space 35072K,   0% used [0x05400000, 0x05400000, 0x07640000)
  from space 4352K,   0% used [0x07a80000, 0x07a804e0, 0x07ec0000)
  to   space 4352K,   0% used [0x07640000, 0x07640000, 0x07a80000)
 tenured generation   total 87424K, used 80825K [0x0fea0000, 0x15400000, 0x25400000)
   the space 87424K,  92% used [0x0fea0000, 0x14d8e7c0, 0x14d8e800, 0x15400000)
 Metaspace       used 19241K, capacity 19719K, committed 19840K, reserved 19840K
}

